\BOOKMARK [1][-]{section.1}{Introduction}{}% 1
\BOOKMARK [1][-]{section.2}{Project introduction}{}% 2
\BOOKMARK [2][-]{subsection.2.1}{Media Player Classic}{section.2}% 3
\BOOKMARK [2][-]{subsection.2.2}{Ez Publish}{section.2}% 4
\BOOKMARK [2][-]{subsection.2.3}{OpenDungeons}{section.2}% 5
\BOOKMARK [2][-]{subsection.2.4}{Boost}{section.2}% 6
\BOOKMARK [1][-]{section.3}{Licenses}{}% 7
\BOOKMARK [2][-]{subsection.3.1}{Media Player Classic}{section.3}% 8
\BOOKMARK [2][-]{subsection.3.2}{Ez Publish}{section.3}% 9
\BOOKMARK [2][-]{subsection.3.3}{Boost}{section.3}% 10
\BOOKMARK [1][-]{section.4}{Infrastructure}{}% 11
\BOOKMARK [2][-]{subsection.4.1}{Media Player Classic}{section.4}% 12
\BOOKMARK [3][-]{subsubsection.4.1.1}{Mailing Lists}{subsection.4.1}% 13
\BOOKMARK [3][-]{subsubsection.4.1.2}{Version control}{subsection.4.1}% 14
\BOOKMARK [3][-]{subsubsection.4.1.3}{Bug tracker}{subsection.4.1}% 15
\BOOKMARK [3][-]{subsubsection.4.1.4}{Instant messaging}{subsection.4.1}% 16
\BOOKMARK [3][-]{subsubsection.4.1.5}{Website}{subsection.4.1}% 17
\BOOKMARK [2][-]{subsection.4.2}{Ez Publish}{section.4}% 18
\BOOKMARK [3][-]{subsubsection.4.2.1}{Mailing Lists}{subsection.4.2}% 19
\BOOKMARK [3][-]{subsubsection.4.2.2}{Version control}{subsection.4.2}% 20
\BOOKMARK [3][-]{subsubsection.4.2.3}{Bug tracker}{subsection.4.2}% 21
\BOOKMARK [3][-]{subsubsection.4.2.4}{Instant messaging}{subsection.4.2}% 22
\BOOKMARK [3][-]{subsubsection.4.2.5}{Coding standards}{subsection.4.2}% 23
\BOOKMARK [3][-]{subsubsection.4.2.6}{Website}{subsection.4.2}% 24
\BOOKMARK [3][-]{subsubsection.4.2.7}{Money}{subsection.4.2}% 25
\BOOKMARK [2][-]{subsection.4.3}{Boost}{section.4}% 26
\BOOKMARK [3][-]{subsubsection.4.3.1}{Mailing Lists}{subsection.4.3}% 27
\BOOKMARK [3][-]{subsubsection.4.3.2}{Version control}{subsection.4.3}% 28
\BOOKMARK [3][-]{subsubsection.4.3.3}{Bug tracker}{subsection.4.3}% 29
\BOOKMARK [3][-]{subsubsection.4.3.4}{Instant messaging}{subsection.4.3}% 30
\BOOKMARK [3][-]{subsubsection.4.3.5}{Website}{subsection.4.3}% 31
\BOOKMARK [1][-]{section.5}{Conclusion/Comparison?}{}% 32
